d:\pablo\2º\2ºcuatri\ig\ig1_parte2\proyectosig_x64_vs2019_fg\ig1app\x64\debug\vc142.pdb
d:\pablo\2º\2ºcuatri\ig\ig1_parte2\proyectosig_x64_vs2019_fg\ig1app\x64\debug\vc142.idb
d:\pablo\2º\2ºcuatri\ig\ig1_parte2\proyectosig_x64_vs2019_fg\ig1app\x64\debug\viewport.obj
d:\pablo\2º\2ºcuatri\ig\ig1_parte2\proyectosig_x64_vs2019_fg\ig1app\x64\debug\texture.obj
d:\pablo\2º\2ºcuatri\ig\ig1_parte2\proyectosig_x64_vs2019_fg\ig1app\x64\debug\scene.obj
d:\pablo\2º\2ºcuatri\ig\ig1_parte2\proyectosig_x64_vs2019_fg\ig1app\x64\debug\pixmap32rgba.obj
d:\pablo\2º\2ºcuatri\ig\ig1_parte2\proyectosig_x64_vs2019_fg\ig1app\x64\debug\main.obj
d:\pablo\2º\2ºcuatri\ig\ig1_parte2\proyectosig_x64_vs2019_fg\ig1app\x64\debug\ig1app.obj
d:\pablo\2º\2ºcuatri\ig\ig1_parte2\proyectosig_x64_vs2019_fg\ig1app\x64\debug\entity.obj
d:\pablo\2º\2ºcuatri\ig\ig1_parte2\proyectosig_x64_vs2019_fg\ig1app\x64\debug\camera.obj
d:\pablo\2º\2ºcuatri\ig\ig1_parte2\proyectosig_x64_vs2019_fg\ig1app\x64\debug\mesh.obj
d:\pablo\2º\2ºcuatri\ig\ig1_parte2\proyectosig_x64_vs2019_fg\bin\ig1appdebug.exe
d:\pablo\2º\2ºcuatri\ig\ig1_parte2\proyectosig_x64_vs2019_fg\bin\ig1appdebug.ilk
d:\pablo\2º\2ºcuatri\ig\ig1_parte2\proyectosig_x64_vs2019_fg\bin\ig1appdebug.pdb
d:\pablo\2º\2ºcuatri\ig\ig1_parte2\proyectosig_x64_vs2019_fg\ig1app\x64\debug\ig1app.tlog\cl.command.1.tlog
d:\pablo\2º\2ºcuatri\ig\ig1_parte2\proyectosig_x64_vs2019_fg\ig1app\x64\debug\ig1app.tlog\cl.read.1.tlog
d:\pablo\2º\2ºcuatri\ig\ig1_parte2\proyectosig_x64_vs2019_fg\ig1app\x64\debug\ig1app.tlog\cl.write.1.tlog
d:\pablo\2º\2ºcuatri\ig\ig1_parte2\proyectosig_x64_vs2019_fg\ig1app\x64\debug\ig1app.tlog\link.command.1.tlog
d:\pablo\2º\2ºcuatri\ig\ig1_parte2\proyectosig_x64_vs2019_fg\ig1app\x64\debug\ig1app.tlog\link.read.1.tlog
d:\pablo\2º\2ºcuatri\ig\ig1_parte2\proyectosig_x64_vs2019_fg\ig1app\x64\debug\ig1app.tlog\link.write.1.tlog
